<?xml version="1.0" encoding="UTF-8"?>
<!-- Generated by org.testng.reporters.JUnitReportReporter -->
<testsuite skipped="0" hostname="DESKTOP-TBU7B9Q" name="crudoperation.AddProject" tests="1" failures="0" timestamp="2022-10-03T15:55:41 IST" time="2.668" errors="0">
  <testcase name="add" time="2.668" classname="crudoperation.AddProject"/>
  <system-out/>
</testsuite> <!-- crudoperation.AddProject -->
