<?xml version="1.0" encoding="UTF-8"?>
<!-- Generated by org.testng.reporters.JUnitReportReporter -->
<testsuite skipped="0" hostname="DESKTOP-TBU7B9Q" name="crudusingBDD.GetSingleProject" tests="1" failures="0" timestamp="2022-10-03T17:58:46 IST" time="2.166" errors="0">
  <testcase name="gett" time="2.166" classname="crudusingBDD.GetSingleProject"/>
  <system-out/>
</testsuite> <!-- crudusingBDD.GetSingleProject -->
