<?xml version="1.0" encoding="UTF-8"?>
<!-- Generated by org.testng.reporters.JUnitReportReporter -->
<testsuite skipped="0" hostname="DESKTOP-TBU7B9Q" name="endtoendsenerio.OneScript" tests="1" failures="0" timestamp="2022-10-03T15:12:01 IST" time="9.681" errors="0">
  <testcase name="oneTest" time="9.681" classname="endtoendsenerio.OneScript"/>
  <system-out/>
</testsuite> <!-- endtoendsenerio.OneScript -->
