<?xml version="1.0" encoding="UTF-8"?>
<!-- Generated by org.testng.reporters.JUnitReportReporter -->
<testsuite skipped="0" hostname="DESKTOP-TBU7B9Q" name="crudoperation.getProject" tests="1" failures="0" timestamp="2022-09-29T13:17:44 IST" time="2.260" errors="0">
  <testcase name="get" time="2.260" classname="crudoperation.getProject"/>
  <system-out/>
</testsuite> <!-- crudoperation.getProject -->
