<?xml version="1.0" encoding="UTF-8"?>
<!-- Generated by org.testng.reporters.JUnitReportReporter -->
<testsuite skipped="0" hostname="DESKTOP-TBU7B9Q" name="geneicpojoclasses.Excel" tests="1" failures="0" timestamp="2022-10-03T13:06:25 IST" time="0.627" errors="0">
  <testcase name="getExcelData" time="0.627" classname="geneicpojoclasses.Excel"/>
  <system-out/>
</testsuite> <!-- geneicpojoclasses.Excel -->
