<?xml version="1.0" encoding="UTF-8"?>
<!-- Generated by org.testng.reporters.JUnitReportReporter -->
<testsuite skipped="0" hostname="DESKTOP-TBU7B9Q" name="validation.StaticvlidationForGet" tests="1" failures="0" timestamp="2022-10-03T16:07:10 IST" time="2.905" errors="0">
  <testcase name="getProjects" time="2.905" classname="validation.StaticvlidationForGet"/>
  <system-out/>
</testsuite> <!-- validation.StaticvlidationForGet -->
