<?xml version="1.0" encoding="UTF-8"?>
<!-- Generated by org.testng.reporters.JUnitReportReporter -->
<testsuite skipped="0" hostname="DESKTOP-TBU7B9Q" name="crudusingdataprovider.AddProjectUsingDataProvider" tests="3" failures="0" timestamp="2022-10-03T12:38:01 IST" time="2.632" errors="0">
  <testcase name="addProjectTest" time="0.060" classname="crudusingdataprovider.AddProjectUsingDataProvider"/>
  <system-out/>
  <testcase name="addProjectTest" time="0.077" classname="crudusingdataprovider.AddProjectUsingDataProvider"/>
  <system-out/>
  <testcase name="addProjectTest" time="2.495" classname="crudusingdataprovider.AddProjectUsingDataProvider"/>
  <system-out/>
</testsuite> <!-- crudusingdataprovider.AddProjectUsingDataProvider -->
