<?xml version="1.0" encoding="UTF-8"?>
<!-- Generated by org.testng.reporters.JUnitReportReporter -->
<testsuite skipped="0" hostname="DESKTOP-TBU7B9Q" name="crudusingBDD.DeleteAlreadyDeletedProject" tests="1" failures="0" timestamp="2022-09-29T16:53:06 IST" time="2.204" errors="0">
  <testcase name="delet" time="2.204" classname="crudusingBDD.DeleteAlreadyDeletedProject"/>
  <system-out/>
</testsuite> <!-- crudusingBDD.DeleteAlreadyDeletedProject -->
