<?xml version="1.0" encoding="UTF-8"?>
<!-- Generated by org.testng.reporters.JUnitReportReporter -->
<testsuite skipped="0" hostname="DESKTOP-TBU7B9Q" name="validation.DynamicValidation" tests="1" failures="0" timestamp="2022-10-03T16:10:02 IST" time="3.042" errors="0">
  <testcase name="getProjects" time="3.042" classname="validation.DynamicValidation"/>
  <system-out/>
</testsuite> <!-- validation.DynamicValidation -->
