<?xml version="1.0" encoding="UTF-8"?>
<!-- Generated by org.testng.reporters.JUnitReportReporter -->
<testsuite skipped="0" hostname="DESKTOP-TBU7B9Q" name="crudusingpojo.AddProjectWithFile" tests="1" failures="0" timestamp="2022-09-30T17:38:50 IST" time="3.337" errors="0">
  <testcase name="projrvttest" time="3.337" classname="crudusingpojo.AddProjectWithFile"/>
  <system-out/>
</testsuite> <!-- crudusingpojo.AddProjectWithFile -->
