<?xml version="1.0" encoding="UTF-8"?>
<!-- Generated by org.testng.reporters.JUnitReportReporter -->
<testsuite skipped="0" hostname="DESKTOP-TBU7B9Q" name="validation.StaticValidation" tests="1" failures="0" timestamp="2022-10-03T16:00:42 IST" time="3.340" errors="0">
  <testcase name="add" time="3.340" classname="validation.StaticValidation"/>
  <system-out/>
</testsuite> <!-- validation.StaticValidation -->
