<?xml version="1.0" encoding="UTF-8"?>
<!-- Generated by org.testng.reporters.JUnitReportReporter -->
<testsuite skipped="0" hostname="DESKTOP-TBU7B9Q" name="validation.Headervslidation" tests="1" failures="0" timestamp="2022-10-04T10:51:25 IST" time="2.277" errors="0">
  <testcase name="head" time="2.277" classname="validation.Headervslidation"/>
  <system-out/>
</testsuite> <!-- validation.Headervslidation -->
