<?xml version="1.0" encoding="UTF-8"?>
<!-- Generated by org.testng.reporters.JUnitReportReporter -->
<testsuite skipped="0" hostname="DESKTOP-TBU7B9Q" name="validation.StatusLineValidation" tests="1" failures="0" timestamp="2022-10-03T17:16:33 IST" time="2.118" errors="0">
  <testcase name="getstatus" time="2.118" classname="validation.StatusLineValidation"/>
  <system-out/>
</testsuite> <!-- validation.StatusLineValidation -->
