<?xml version="1.0" encoding="UTF-8"?>
<!-- Generated by org.testng.reporters.JUnitReportReporter -->
<testsuite skipped="0" hostname="DESKTOP-TBU7B9Q" name="SerilizationOfPojoClass.MyFam" tests="1" failures="0" timestamp="2022-09-27T17:34:10 IST" time="0.207" errors="0">
  <testcase name="family" time="0.207" classname="SerilizationOfPojoClass.MyFam"/>
  <system-out/>
</testsuite> <!-- SerilizationOfPojoClass.MyFam -->
