<?xml version="1.0" encoding="UTF-8"?>
<!-- Generated by org.testng.reporters.JUnitReportReporter -->
<testsuite skipped="0" hostname="DESKTOP-TBU7B9Q" name="crudusingBDD.DeleteProjectUsingBDD" tests="1" failures="0" timestamp="2022-09-29T15:18:51 IST" time="2.272" errors="0">
  <testcase name="delet" time="2.272" classname="crudusingBDD.DeleteProjectUsingBDD"/>
  <system-out/>
</testsuite> <!-- crudusingBDD.DeleteProjectUsingBDD -->
